c:\users\ace\desktop\after summer 2017\bbff.drive\capstone demo\capstone demo\debug\vc140.pdb
c:\users\ace\desktop\after summer 2017\bbff.drive\capstone demo\capstone demo\debug\vc140.idb
c:\users\ace\desktop\after summer 2017\bbff.drive\capstone demo\capstone demo\debug\battle.obj
c:\users\ace\desktop\after summer 2017\bbff.drive\capstone demo\capstone demo\debug\battlestats.obj
c:\users\ace\desktop\after summer 2017\bbff.drive\capstone demo\capstone demo\debug\effecthandler.obj
c:\users\ace\desktop\after summer 2017\bbff.drive\capstone demo\capstone demo\debug\enemy.obj
c:\users\ace\desktop\after summer 2017\bbff.drive\capstone demo\capstone demo\debug\game.obj
c:\users\ace\desktop\after summer 2017\bbff.drive\capstone demo\capstone demo\debug\inventory.obj
c:\users\ace\desktop\after summer 2017\bbff.drive\capstone demo\capstone demo\debug\main.obj
c:\users\ace\desktop\after summer 2017\bbff.drive\capstone demo\capstone demo\debug\map.obj
c:\users\ace\desktop\after summer 2017\bbff.drive\capstone demo\capstone demo\debug\player.obj
c:\users\ace\desktop\after summer 2017\bbff.drive\capstone demo\capstone demo\debug\renderer.obj
c:\users\ace\desktop\after summer 2017\bbff.drive\capstone demo\debug\capstone demo.ilk
c:\users\ace\desktop\after summer 2017\bbff.drive\capstone demo\debug\capstone demo.exe
c:\users\ace\desktop\after summer 2017\bbff.drive\capstone demo\debug\capstone demo.pdb
c:\users\ace\desktop\after summer 2017\bbff.drive\capstone demo\capstone demo\debug\capstone demo.tlog\cl.command.1.tlog
c:\users\ace\desktop\after summer 2017\bbff.drive\capstone demo\capstone demo\debug\capstone demo.tlog\cl.read.1.tlog
c:\users\ace\desktop\after summer 2017\bbff.drive\capstone demo\capstone demo\debug\capstone demo.tlog\cl.write.1.tlog
c:\users\ace\desktop\after summer 2017\bbff.drive\capstone demo\capstone demo\debug\capstone demo.tlog\link.command.1.tlog
c:\users\ace\desktop\after summer 2017\bbff.drive\capstone demo\capstone demo\debug\capstone demo.tlog\link.read.1.tlog
c:\users\ace\desktop\after summer 2017\bbff.drive\capstone demo\capstone demo\debug\capstone demo.tlog\link.write.1.tlog
